
*** Running vivado
    with args -log loam_system_wrapper.vds -m64 -product Vivado -mode batch -messageDb vivado.pb -notrace -source loam_system_wrapper.tcl



****** Vivado v2024.2 (64-bit)
  **** SW Build 5239630 on Fri Nov 08 22:35:27 MST 2024
  **** IP Build 5239520 on Sun Nov 10 16:12:51 MST 2024
  **** SharedData Build 5239561 on Fri Nov 08 14:39:27 MST 2024
  **** Start of session at: Wed Nov  5 11:28:49 2025
    ** Copyright 1986-2022 Xilinx, Inc. All Rights Reserved.
    ** Copyright 2022-2024 Advanced Micro Devices, Inc. All Rights Reserved.

source loam_system_wrapper.tcl -notrace
INFO: [IP_Flow 19-234] Refreshing IP repositories
INFO: [IP_Flow 19-1700] Loaded user IP repository 'c:/Users/USER-PC/Downloads/framework/testing/hls-fpga-accelerators/vloam_modules/vloam_modules/hls/impl/ip'.
INFO: [IP_Flow 19-2313] Loaded Vivado IP repository 'C:/Xilinx/Vivado/2024.2/data/ip'.
INFO: [Project 1-5578] Found utility IPs instantiated in block design C:/Users/USER-PC/footprint/footprint.srcs/sources_1/bd/loam_system/loam_system.bd which have equivalent inline hdl with improved performance and reduced diskspace.
It is recommended to migrate these utility IPs to inline hdl  using the command upgrade_project -migrate_to_inline_hdl.  The utility IPs may be deprecated in future releases.
More information on inline hdl is available in UG994. 
add_files: Time (s): cpu = 00:00:04 ; elapsed = 00:00:06 . Memory (MB): peak = 414.684 ; gain = 51.855
Command: synth_design -top loam_system_wrapper -part xck26-sfvc784-2LV-c
Starting synth_design
Attempting to get a license for feature 'Synthesis' and/or device 'xck26'
INFO: [Common 17-349] Got license for feature 'Synthesis' and/or device 'xck26'
INFO: [Device 21-403] Loading part xck26-sfvc784-2LV-c
INFO: [Synth 8-7079] Multithreading enabled for synth_design using a maximum of 2 processes.
INFO: [Synth 8-7078] Launching helper process for spawning children vivado processes
INFO: [Synth 8-7075] Helper process launched with PID 5608
---------------------------------------------------------------------------------
Starting RTL Elaboration : Time (s): cpu = 00:00:07 ; elapsed = 00:00:07 . Memory (MB): peak = 1635.445 ; gain = 179.422
---------------------------------------------------------------------------------
INFO: [Synth 8-6157] synthesizing module 'loam_system_wrapper' [C:/Users/USER-PC/footprint/footprint.gen/sources_1/bd/loam_system/hdl/loam_system_wrapper.v:13]
INFO: [Synth 8-6157] synthesizing module 'loam_system' [c:/Users/USER-PC/footprint/footprint.gen/sources_1/bd/loam_system/synth/loam_system.v:13]
INFO: [Synth 8-6157] synthesizing module 'loam_system_axi_dma_0_0' [C:/Users/USER-PC/footprint/footprint.runs/synth_1/.Xil/Vivado-27720-user/realtime/loam_system_axi_dma_0_0_stub.v:6]
INFO: [Synth 8-6155] done synthesizing module 'loam_system_axi_dma_0_0' (0#1) [C:/Users/USER-PC/footprint/footprint.runs/synth_1/.Xil/Vivado-27720-user/realtime/loam_system_axi_dma_0_0_stub.v:6]
WARNING: [Synth 8-7071] port 'mm2s_prmry_reset_out_n' of module 'loam_system_axi_dma_0_0' is unconnected for instance 'axi_dma_0' [c:/Users/USER-PC/footprint/footprint.gen/sources_1/bd/loam_system/synth/loam_system.v:212]
WARNING: [Synth 8-7071] port 'm_axis_mm2s_tkeep' of module 'loam_system_axi_dma_0_0' is unconnected for instance 'axi_dma_0' [c:/Users/USER-PC/footprint/footprint.gen/sources_1/bd/loam_system/synth/loam_system.v:212]
WARNING: [Synth 8-7071] port 'm_axis_mm2s_tlast' of module 'loam_system_axi_dma_0_0' is unconnected for instance 'axi_dma_0' [c:/Users/USER-PC/footprint/footprint.gen/sources_1/bd/loam_system/synth/loam_system.v:212]
WARNING: [Synth 8-7071] port 's2mm_prmry_reset_out_n' of module 'loam_system_axi_dma_0_0' is unconnected for instance 'axi_dma_0' [c:/Users/USER-PC/footprint/footprint.gen/sources_1/bd/loam_system/synth/loam_system.v:212]
WARNING: [Synth 8-7071] port 'axi_dma_tstvec' of module 'loam_system_axi_dma_0_0' is unconnected for instance 'axi_dma_0' [c:/Users/USER-PC/footprint/footprint.gen/sources_1/bd/loam_system/synth/loam_system.v:212]
WARNING: [Synth 8-7023] instance 'axi_dma_0' of module 'loam_system_axi_dma_0_0' has 64 connections declared, but only 59 given [c:/Users/USER-PC/footprint/footprint.gen/sources_1/bd/loam_system/synth/loam_system.v:212]
INFO: [Synth 8-6157] synthesizing module 'loam_system_axi_dma_surf_0' [C:/Users/USER-PC/footprint/footprint.runs/synth_1/.Xil/Vivado-27720-user/realtime/loam_system_axi_dma_surf_0_stub.v:6]
INFO: [Synth 8-6155] done synthesizing module 'loam_system_axi_dma_surf_0' (0#1) [C:/Users/USER-PC/footprint/footprint.runs/synth_1/.Xil/Vivado-27720-user/realtime/loam_system_axi_dma_surf_0_stub.v:6]
WARNING: [Synth 8-7071] port 'm_axi_s2mm_awaddr' of module 'loam_system_axi_dma_surf_0' is unconnected for instance 'axi_dma_surf' [c:/Users/USER-PC/footprint/footprint.gen/sources_1/bd/loam_system/synth/loam_system.v:272]
WARNING: [Synth 8-7071] port 'm_axi_s2mm_awlen' of module 'loam_system_axi_dma_surf_0' is unconnected for instance 'axi_dma_surf' [c:/Users/USER-PC/footprint/footprint.gen/sources_1/bd/loam_system/synth/loam_system.v:272]
WARNING: [Synth 8-7071] port 'm_axi_s2mm_awsize' of module 'loam_system_axi_dma_surf_0' is unconnected for instance 'axi_dma_surf' [c:/Users/USER-PC/footprint/footprint.gen/sources_1/bd/loam_system/synth/loam_system.v:272]
WARNING: [Synth 8-7071] port 'm_axi_s2mm_awburst' of module 'loam_system_axi_dma_surf_0' is unconnected for instance 'axi_dma_surf' [c:/Users/USER-PC/footprint/footprint.gen/sources_1/bd/loam_system/synth/loam_system.v:272]
WARNING: [Synth 8-7071] port 'm_axi_s2mm_awprot' of module 'loam_system_axi_dma_surf_0' is unconnected for instance 'axi_dma_surf' [c:/Users/USER-PC/footprint/footprint.gen/sources_1/bd/loam_system/synth/loam_system.v:272]
WARNING: [Synth 8-7071] port 'm_axi_s2mm_awcache' of module 'loam_system_axi_dma_surf_0' is unconnected for instance 'axi_dma_surf' [c:/Users/USER-PC/footprint/footprint.gen/sources_1/bd/loam_system/synth/loam_system.v:272]
WARNING: [Synth 8-7071] port 'm_axi_s2mm_awvalid' of module 'loam_system_axi_dma_surf_0' is unconnected for instance 'axi_dma_surf' [c:/Users/USER-PC/footprint/footprint.gen/sources_1/bd/loam_system/synth/loam_system.v:272]
WARNING: [Synth 8-7071] port 'm_axi_s2mm_wdata' of module 'loam_system_axi_dma_surf_0' is unconnected for instance 'axi_dma_surf' [c:/Users/USER-PC/footprint/footprint.gen/sources_1/bd/loam_system/synth/loam_system.v:272]
WARNING: [Synth 8-7071] port 'm_axi_s2mm_wstrb' of module 'loam_system_axi_dma_surf_0' is unconnected for instance 'axi_dma_surf' [c:/Users/USER-PC/footprint/footprint.gen/sources_1/bd/loam_system/synth/loam_system.v:272]
WARNING: [Synth 8-7071] port 'm_axi_s2mm_wlast' of module 'loam_system_axi_dma_surf_0' is unconnected for instance 'axi_dma_surf' [c:/Users/USER-PC/footprint/footprint.gen/sources_1/bd/loam_system/synth/loam_system.v:272]
WARNING: [Synth 8-7071] port 'm_axi_s2mm_wvalid' of module 'loam_system_axi_dma_surf_0' is unconnected for instance 'axi_dma_surf' [c:/Users/USER-PC/footprint/footprint.gen/sources_1/bd/loam_system/synth/loam_system.v:272]
WARNING: [Synth 8-7071] port 'm_axi_s2mm_bready' of module 'loam_system_axi_dma_surf_0' is unconnected for instance 'axi_dma_surf' [c:/Users/USER-PC/footprint/footprint.gen/sources_1/bd/loam_system/synth/loam_system.v:272]
WARNING: [Synth 8-7071] port 's2mm_prmry_reset_out_n' of module 'loam_system_axi_dma_surf_0' is unconnected for instance 'axi_dma_surf' [c:/Users/USER-PC/footprint/footprint.gen/sources_1/bd/loam_system/synth/loam_system.v:272]
WARNING: [Synth 8-7071] port 'axi_dma_tstvec' of module 'loam_system_axi_dma_surf_0' is unconnected for instance 'axi_dma_surf' [c:/Users/USER-PC/footprint/footprint.gen/sources_1/bd/loam_system/synth/loam_system.v:272]
WARNING: [Synth 8-7023] instance 'axi_dma_surf' of module 'loam_system_axi_dma_surf_0' has 43 connections declared, but only 29 given [c:/Users/USER-PC/footprint/footprint.gen/sources_1/bd/loam_system/synth/loam_system.v:272]
INFO: [Synth 8-6157] synthesizing module 'loam_system_axi_smc_0' [C:/Users/USER-PC/footprint/footprint.runs/synth_1/.Xil/Vivado-27720-user/realtime/loam_system_axi_smc_0_stub.v:6]
INFO: [Synth 8-6155] done synthesizing module 'loam_system_axi_smc_0' (0#1) [C:/Users/USER-PC/footprint/footprint.runs/synth_1/.Xil/Vivado-27720-user/realtime/loam_system_axi_smc_0_stub.v:6]
WARNING: [Synth 8-7071] port 'M00_AXI_awprot' of module 'loam_system_axi_smc_0' is unconnected for instance 'axi_smc' [c:/Users/USER-PC/footprint/footprint.gen/sources_1/bd/loam_system/synth/loam_system.v:302]
WARNING: [Synth 8-7071] port 'M00_AXI_arprot' of module 'loam_system_axi_smc_0' is unconnected for instance 'axi_smc' [c:/Users/USER-PC/footprint/footprint.gen/sources_1/bd/loam_system/synth/loam_system.v:302]
WARNING: [Synth 8-7071] port 'M01_AXI_awprot' of module 'loam_system_axi_smc_0' is unconnected for instance 'axi_smc' [c:/Users/USER-PC/footprint/footprint.gen/sources_1/bd/loam_system/synth/loam_system.v:302]
WARNING: [Synth 8-7071] port 'M01_AXI_wstrb' of module 'loam_system_axi_smc_0' is unconnected for instance 'axi_smc' [c:/Users/USER-PC/footprint/footprint.gen/sources_1/bd/loam_system/synth/loam_system.v:302]
WARNING: [Synth 8-7071] port 'M01_AXI_arprot' of module 'loam_system_axi_smc_0' is unconnected for instance 'axi_smc' [c:/Users/USER-PC/footprint/footprint.gen/sources_1/bd/loam_system/synth/loam_system.v:302]
WARNING: [Synth 8-7071] port 'M02_AXI_awprot' of module 'loam_system_axi_smc_0' is unconnected for instance 'axi_smc' [c:/Users/USER-PC/footprint/footprint.gen/sources_1/bd/loam_system/synth/loam_system.v:302]
WARNING: [Synth 8-7071] port 'M02_AXI_wstrb' of module 'loam_system_axi_smc_0' is unconnected for instance 'axi_smc' [c:/Users/USER-PC/footprint/footprint.gen/sources_1/bd/loam_system/synth/loam_system.v:302]
WARNING: [Synth 8-7071] port 'M02_AXI_arprot' of module 'loam_system_axi_smc_0' is unconnected for instance 'axi_smc' [c:/Users/USER-PC/footprint/footprint.gen/sources_1/bd/loam_system/synth/loam_system.v:302]
WARNING: [Synth 8-7023] instance 'axi_smc' of module 'loam_system_axi_smc_0' has 117 connections declared, but only 109 given [c:/Users/USER-PC/footprint/footprint.gen/sources_1/bd/loam_system/synth/loam_system.v:302]
INFO: [Synth 8-6157] synthesizing module 'loam_system_corner_fifo_0' [C:/Users/USER-PC/footprint/footprint.runs/synth_1/.Xil/Vivado-27720-user/realtime/loam_system_corner_fifo_0_stub.v:6]
INFO: [Synth 8-6155] done synthesizing module 'loam_system_corner_fifo_0' (0#1) [C:/Users/USER-PC/footprint/footprint.runs/synth_1/.Xil/Vivado-27720-user/realtime/loam_system_corner_fifo_0_stub.v:6]
WARNING: [Synth 8-7071] port 'interrupt' of module 'loam_system_corner_fifo_0' is unconnected for instance 'corner_fifo' [c:/Users/USER-PC/footprint/footprint.gen/sources_1/bd/loam_system/synth/loam_system.v:412]
WARNING: [Synth 8-7071] port 's_axi4_awready' of module 'loam_system_corner_fifo_0' is unconnected for instance 'corner_fifo' [c:/Users/USER-PC/footprint/footprint.gen/sources_1/bd/loam_system/synth/loam_system.v:412]
WARNING: [Synth 8-7071] port 's_axi4_wready' of module 'loam_system_corner_fifo_0' is unconnected for instance 'corner_fifo' [c:/Users/USER-PC/footprint/footprint.gen/sources_1/bd/loam_system/synth/loam_system.v:412]
WARNING: [Synth 8-7071] port 's_axi4_bid' of module 'loam_system_corner_fifo_0' is unconnected for instance 'corner_fifo' [c:/Users/USER-PC/footprint/footprint.gen/sources_1/bd/loam_system/synth/loam_system.v:412]
WARNING: [Synth 8-7071] port 's_axi4_bresp' of module 'loam_system_corner_fifo_0' is unconnected for instance 'corner_fifo' [c:/Users/USER-PC/footprint/footprint.gen/sources_1/bd/loam_system/synth/loam_system.v:412]
WARNING: [Synth 8-7071] port 's_axi4_bvalid' of module 'loam_system_corner_fifo_0' is unconnected for instance 'corner_fifo' [c:/Users/USER-PC/footprint/footprint.gen/sources_1/bd/loam_system/synth/loam_system.v:412]
WARNING: [Synth 8-7071] port 's_axi4_arready' of module 'loam_system_corner_fifo_0' is unconnected for instance 'corner_fifo' [c:/Users/USER-PC/footprint/footprint.gen/sources_1/bd/loam_system/synth/loam_system.v:412]
WARNING: [Synth 8-7071] port 's_axi4_rid' of module 'loam_system_corner_fifo_0' is unconnected for instance 'corner_fifo' [c:/Users/USER-PC/footprint/footprint.gen/sources_1/bd/loam_system/synth/loam_system.v:412]
WARNING: [Synth 8-7071] port 's_axi4_rdata' of module 'loam_system_corner_fifo_0' is unconnected for instance 'corner_fifo' [c:/Users/USER-PC/footprint/footprint.gen/sources_1/bd/loam_system/synth/loam_system.v:412]
WARNING: [Synth 8-7071] port 's_axi4_rresp' of module 'loam_system_corner_fifo_0' is unconnected for instance 'corner_fifo' [c:/Users/USER-PC/footprint/footprint.gen/sources_1/bd/loam_system/synth/loam_system.v:412]
WARNING: [Synth 8-7071] port 's_axi4_rlast' of module 'loam_system_corner_fifo_0' is unconnected for instance 'corner_fifo' [c:/Users/USER-PC/footprint/footprint.gen/sources_1/bd/loam_system/synth/loam_system.v:412]
WARNING: [Synth 8-7071] port 's_axi4_rvalid' of module 'loam_system_corner_fifo_0' is unconnected for instance 'corner_fifo' [c:/Users/USER-PC/footprint/footprint.gen/sources_1/bd/loam_system/synth/loam_system.v:412]
WARNING: [Synth 8-7071] port 'mm2s_prmry_reset_out_n' of module 'loam_system_corner_fifo_0' is unconnected for instance 'corner_fifo' [c:/Users/USER-PC/footprint/footprint.gen/sources_1/bd/loam_system/synth/loam_system.v:412]
WARNING: [Synth 8-7071] port 's2mm_prmry_reset_out_n' of module 'loam_system_corner_fifo_0' is unconnected for instance 'corner_fifo' [c:/Users/USER-PC/footprint/footprint.gen/sources_1/bd/loam_system/synth/loam_system.v:412]
WARNING: [Synth 8-7023] instance 'corner_fifo' of module 'loam_system_corner_fifo_0' has 65 connections declared, but only 51 given [c:/Users/USER-PC/footprint/footprint.gen/sources_1/bd/loam_system/synth/loam_system.v:412]
INFO: [Synth 8-6157] synthesizing module 'loam_system_exact_loam_feature_e_0_0' [C:/Users/USER-PC/footprint/footprint.runs/synth_1/.Xil/Vivado-27720-user/realtime/loam_system_exact_loam_feature_e_0_0_stub.v:6]
INFO: [Synth 8-6155] done synthesizing module 'loam_system_exact_loam_feature_e_0_0' (0#1) [C:/Users/USER-PC/footprint/footprint.runs/synth_1/.Xil/Vivado-27720-user/realtime/loam_system_exact_loam_feature_e_0_0_stub.v:6]
WARNING: [Synth 8-7071] port 'interrupt' of module 'loam_system_exact_loam_feature_e_0_0' is unconnected for instance 'exact_loam_feature_e_0' [c:/Users/USER-PC/footprint/footprint.gen/sources_1/bd/loam_system/synth/loam_system.v:464]
WARNING: [Synth 8-7023] instance 'exact_loam_feature_e_0' of module 'loam_system_exact_loam_feature_e_0_0' has 29 connections declared, but only 28 given [c:/Users/USER-PC/footprint/footprint.gen/sources_1/bd/loam_system/synth/loam_system.v:464]
INFO: [Synth 8-6157] synthesizing module 'loam_system_fifo_interconnect_0' [c:/Users/USER-PC/footprint/footprint.gen/sources_1/bd/loam_system/synth/loam_system.v:791]
INFO: [Synth 8-6157] synthesizing module 'm00_couplers_imp_VGU4IH' [c:/Users/USER-PC/footprint/footprint.gen/sources_1/bd/loam_system/synth/loam_system.v:1186]
INFO: [Synth 8-6155] done synthesizing module 'm00_couplers_imp_VGU4IH' (0#1) [c:/Users/USER-PC/footprint/footprint.gen/sources_1/bd/loam_system/synth/loam_system.v:1186]
INFO: [Synth 8-6157] synthesizing module 'm01_couplers_imp_1U8C0JR' [c:/Users/USER-PC/footprint/footprint.gen/sources_1/bd/loam_system/synth/loam_system.v:1301]
INFO: [Synth 8-6155] done synthesizing module 'm01_couplers_imp_1U8C0JR' (0#1) [c:/Users/USER-PC/footprint/footprint.gen/sources_1/bd/loam_system/synth/loam_system.v:1301]
INFO: [Synth 8-6157] synthesizing module 's00_couplers_imp_17OBM89' [c:/Users/USER-PC/footprint/footprint.gen/sources_1/bd/loam_system/synth/loam_system.v:1416]
INFO: [Synth 8-6155] done synthesizing module 's00_couplers_imp_17OBM89' (0#1) [c:/Users/USER-PC/footprint/footprint.gen/sources_1/bd/loam_system/synth/loam_system.v:1416]
INFO: [Synth 8-6157] synthesizing module 'loam_system_fifo_interconnect_imp_xbar_0' [C:/Users/USER-PC/footprint/footprint.runs/synth_1/.Xil/Vivado-27720-user/realtime/loam_system_fifo_interconnect_imp_xbar_0_stub.v:6]
INFO: [Synth 8-6155] done synthesizing module 'loam_system_fifo_interconnect_imp_xbar_0' (0#1) [C:/Users/USER-PC/footprint/footprint.runs/synth_1/.Xil/Vivado-27720-user/realtime/loam_system_fifo_interconnect_imp_xbar_0_stub.v:6]
WARNING: [Synth 8-7071] port 'm_axi_awprot' of module 'loam_system_fifo_interconnect_imp_xbar_0' is unconnected for instance 'xbar' [c:/Users/USER-PC/footprint/footprint.gen/sources_1/bd/loam_system/synth/loam_system.v:1145]
WARNING: [Synth 8-7071] port 'm_axi_arprot' of module 'loam_system_fifo_interconnect_imp_xbar_0' is unconnected for instance 'xbar' [c:/Users/USER-PC/footprint/footprint.gen/sources_1/bd/loam_system/synth/loam_system.v:1145]
WARNING: [Synth 8-7023] instance 'xbar' of module 'loam_system_fifo_interconnect_imp_xbar_0' has 40 connections declared, but only 38 given [c:/Users/USER-PC/footprint/footprint.gen/sources_1/bd/loam_system/synth/loam_system.v:1145]
INFO: [Synth 8-6155] done synthesizing module 'loam_system_fifo_interconnect_0' (0#1) [c:/Users/USER-PC/footprint/footprint.gen/sources_1/bd/loam_system/synth/loam_system.v:791]
INFO: [Synth 8-6157] synthesizing module 'loam_system_rst_ps8_0_100M_0' [C:/Users/USER-PC/footprint/footprint.runs/synth_1/.Xil/Vivado-27720-user/realtime/loam_system_rst_ps8_0_100M_0_stub.v:6]
INFO: [Synth 8-6155] done synthesizing module 'loam_system_rst_ps8_0_100M_0' (0#1) [C:/Users/USER-PC/footprint/footprint.runs/synth_1/.Xil/Vivado-27720-user/realtime/loam_system_rst_ps8_0_100M_0_stub.v:6]
WARNING: [Synth 8-7071] port 'mb_reset' of module 'loam_system_rst_ps8_0_100M_0' is unconnected for instance 'rst_ps8_0_100M' [c:/Users/USER-PC/footprint/footprint.gen/sources_1/bd/loam_system/synth/loam_system.v:555]
WARNING: [Synth 8-7071] port 'bus_struct_reset' of module 'loam_system_rst_ps8_0_100M_0' is unconnected for instance 'rst_ps8_0_100M' [c:/Users/USER-PC/footprint/footprint.gen/sources_1/bd/loam_system/synth/loam_system.v:555]
WARNING: [Synth 8-7071] port 'peripheral_reset' of module 'loam_system_rst_ps8_0_100M_0' is unconnected for instance 'rst_ps8_0_100M' [c:/Users/USER-PC/footprint/footprint.gen/sources_1/bd/loam_system/synth/loam_system.v:555]
WARNING: [Synth 8-7071] port 'interconnect_aresetn' of module 'loam_system_rst_ps8_0_100M_0' is unconnected for instance 'rst_ps8_0_100M' [c:/Users/USER-PC/footprint/footprint.gen/sources_1/bd/loam_system/synth/loam_system.v:555]
WARNING: [Synth 8-7023] instance 'rst_ps8_0_100M' of module 'loam_system_rst_ps8_0_100M_0' has 10 connections declared, but only 6 given [c:/Users/USER-PC/footprint/footprint.gen/sources_1/bd/loam_system/synth/loam_system.v:555]
INFO: [Synth 8-6157] synthesizing module 'loam_system_surf_fifo_0' [C:/Users/USER-PC/footprint/footprint.runs/synth_1/.Xil/Vivado-27720-user/realtime/loam_system_surf_fifo_0_stub.v:6]
INFO: [Synth 8-6155] done synthesizing module 'loam_system_surf_fifo_0' (0#1) [C:/Users/USER-PC/footprint/footprint.runs/synth_1/.Xil/Vivado-27720-user/realtime/loam_system_surf_fifo_0_stub.v:6]
WARNING: [Synth 8-7071] port 'interrupt' of module 'loam_system_surf_fifo_0' is unconnected for instance 'surf_fifo' [c:/Users/USER-PC/footprint/footprint.gen/sources_1/bd/loam_system/synth/loam_system.v:562]
WARNING: [Synth 8-7071] port 's_axi4_awready' of module 'loam_system_surf_fifo_0' is unconnected for instance 'surf_fifo' [c:/Users/USER-PC/footprint/footprint.gen/sources_1/bd/loam_system/synth/loam_system.v:562]
WARNING: [Synth 8-7071] port 's_axi4_wready' of module 'loam_system_surf_fifo_0' is unconnected for instance 'surf_fifo' [c:/Users/USER-PC/footprint/footprint.gen/sources_1/bd/loam_system/synth/loam_system.v:562]
WARNING: [Synth 8-7071] port 's_axi4_bid' of module 'loam_system_surf_fifo_0' is unconnected for instance 'surf_fifo' [c:/Users/USER-PC/footprint/footprint.gen/sources_1/bd/loam_system/synth/loam_system.v:562]
WARNING: [Synth 8-7071] port 's_axi4_bresp' of module 'loam_system_surf_fifo_0' is unconnected for instance 'surf_fifo' [c:/Users/USER-PC/footprint/footprint.gen/sources_1/bd/loam_system/synth/loam_system.v:562]
WARNING: [Synth 8-7071] port 's_axi4_bvalid' of module 'loam_system_surf_fifo_0' is unconnected for instance 'surf_fifo' [c:/Users/USER-PC/footprint/footprint.gen/sources_1/bd/loam_system/synth/loam_system.v:562]
WARNING: [Synth 8-7071] port 's_axi4_arready' of module 'loam_system_surf_fifo_0' is unconnected for instance 'surf_fifo' [c:/Users/USER-PC/footprint/footprint.gen/sources_1/bd/loam_system/synth/loam_system.v:562]
WARNING: [Synth 8-7071] port 's_axi4_rid' of module 'loam_system_surf_fifo_0' is unconnected for instance 'surf_fifo' [c:/Users/USER-PC/footprint/footprint.gen/sources_1/bd/loam_system/synth/loam_system.v:562]
WARNING: [Synth 8-7071] port 's_axi4_rdata' of module 'loam_system_surf_fifo_0' is unconnected for instance 'surf_fifo' [c:/Users/USER-PC/footprint/footprint.gen/sources_1/bd/loam_system/synth/loam_system.v:562]
WARNING: [Synth 8-7071] port 's_axi4_rresp' of module 'loam_system_surf_fifo_0' is unconnected for instance 'surf_fifo' [c:/Users/USER-PC/footprint/footprint.gen/sources_1/bd/loam_system/synth/loam_system.v:562]
WARNING: [Synth 8-7071] port 's_axi4_rlast' of module 'loam_system_surf_fifo_0' is unconnected for instance 'surf_fifo' [c:/Users/USER-PC/footprint/footprint.gen/sources_1/bd/loam_system/synth/loam_system.v:562]
WARNING: [Synth 8-7071] port 's_axi4_rvalid' of module 'loam_system_surf_fifo_0' is unconnected for instance 'surf_fifo' [c:/Users/USER-PC/footprint/footprint.gen/sources_1/bd/loam_system/synth/loam_system.v:562]
WARNING: [Synth 8-7071] port 'mm2s_prmry_reset_out_n' of module 'loam_system_surf_fifo_0' is unconnected for instance 'surf_fifo' [c:/Users/USER-PC/footprint/footprint.gen/sources_1/bd/loam_system/synth/loam_system.v:562]
WARNING: [Synth 8-7071] port 's2mm_prmry_reset_out_n' of module 'loam_system_surf_fifo_0' is unconnected for instance 'surf_fifo' [c:/Users/USER-PC/footprint/footprint.gen/sources_1/bd/loam_system/synth/loam_system.v:562]
WARNING: [Synth 8-7023] instance 'surf_fifo' of module 'loam_system_surf_fifo_0' has 65 connections declared, but only 51 given [c:/Users/USER-PC/footprint/footprint.gen/sources_1/bd/loam_system/synth/loam_system.v:562]
INFO: [Synth 8-6157] synthesizing module 'loam_system_xlconcat_0_0' [c:/Users/USER-PC/footprint/footprint.gen/sources_1/bd/loam_system/ip/loam_system_xlconcat_0_0_1/synth/loam_system_xlconcat_0_0.v:53]
INFO: [Synth 8-6157] synthesizing module 'xlconcat_v2_1_6_xlconcat' [c:/Users/USER-PC/footprint/footprint.gen/sources_1/bd/loam_system/ipshared/6120/hdl/xlconcat_v2_1_vl_rfs.v:59]
INFO: [Synth 8-6155] done synthesizing module 'xlconcat_v2_1_6_xlconcat' (0#1) [c:/Users/USER-PC/footprint/footprint.gen/sources_1/bd/loam_system/ipshared/6120/hdl/xlconcat_v2_1_vl_rfs.v:59]
INFO: [Synth 8-6155] done synthesizing module 'loam_system_xlconcat_0_0' (0#1) [c:/Users/USER-PC/footprint/footprint.gen/sources_1/bd/loam_system/ip/loam_system_xlconcat_0_0_1/synth/loam_system_xlconcat_0_0.v:53]
INFO: [Synth 8-6157] synthesizing module 'loam_system_zynq_ultra_ps_e_0_0' [C:/Users/USER-PC/footprint/footprint.runs/synth_1/.Xil/Vivado-27720-user/realtime/loam_system_zynq_ultra_ps_e_0_0_stub.v:6]
INFO: [Synth 8-6155] done synthesizing module 'loam_system_zynq_ultra_ps_e_0_0' (0#1) [C:/Users/USER-PC/footprint/footprint.runs/synth_1/.Xil/Vivado-27720-user/realtime/loam_system_zynq_ultra_ps_e_0_0_stub.v:6]
WARNING: [Synth 8-7071] port 'saxigp0_awready' of module 'loam_system_zynq_ultra_ps_e_0_0' is unconnected for instance 'zynq_ultra_ps_e_0' [c:/Users/USER-PC/footprint/footprint.gen/sources_1/bd/loam_system/synth/loam_system.v:619]
WARNING: [Synth 8-7071] port 'saxigp0_wready' of module 'loam_system_zynq_ultra_ps_e_0_0' is unconnected for instance 'zynq_ultra_ps_e_0' [c:/Users/USER-PC/footprint/footprint.gen/sources_1/bd/loam_system/synth/loam_system.v:619]
WARNING: [Synth 8-7071] port 'saxigp0_bid' of module 'loam_system_zynq_ultra_ps_e_0_0' is unconnected for instance 'zynq_ultra_ps_e_0' [c:/Users/USER-PC/footprint/footprint.gen/sources_1/bd/loam_system/synth/loam_system.v:619]
WARNING: [Synth 8-7071] port 'saxigp0_bresp' of module 'loam_system_zynq_ultra_ps_e_0_0' is unconnected for instance 'zynq_ultra_ps_e_0' [c:/Users/USER-PC/footprint/footprint.gen/sources_1/bd/loam_system/synth/loam_system.v:619]
WARNING: [Synth 8-7071] port 'saxigp0_bvalid' of module 'loam_system_zynq_ultra_ps_e_0_0' is unconnected for instance 'zynq_ultra_ps_e_0' [c:/Users/USER-PC/footprint/footprint.gen/sources_1/bd/loam_system/synth/loam_system.v:619]
WARNING: [Synth 8-7071] port 'saxigp0_arready' of module 'loam_system_zynq_ultra_ps_e_0_0' is unconnected for instance 'zynq_ultra_ps_e_0' [c:/Users/USER-PC/footprint/footprint.gen/sources_1/bd/loam_system/synth/loam_system.v:619]
WARNING: [Synth 8-7071] port 'saxigp0_rid' of module 'loam_system_zynq_ultra_ps_e_0_0' is unconnected for instance 'zynq_ultra_ps_e_0' [c:/Users/USER-PC/footprint/footprint.gen/sources_1/bd/loam_system/synth/loam_system.v:619]
WARNING: [Synth 8-7071] port 'saxigp0_rdata' of module 'loam_system_zynq_ultra_ps_e_0_0' is unconnected for instance 'zynq_ultra_ps_e_0' [c:/Users/USER-PC/footprint/footprint.gen/sources_1/bd/loam_system/synth/loam_system.v:619]
WARNING: [Synth 8-7071] port 'saxigp0_rresp' of module 'loam_system_zynq_ultra_ps_e_0_0' is unconnected for instance 'zynq_ultra_ps_e_0' [c:/Users/USER-PC/footprint/footprint.gen/sources_1/bd/loam_system/synth/loam_system.v:619]
WARNING: [Synth 8-7071] port 'saxigp0_rlast' of module 'loam_system_zynq_ultra_ps_e_0_0' is unconnected for instance 'zynq_ultra_ps_e_0' [c:/Users/USER-PC/footprint/footprint.gen/sources_1/bd/loam_system/synth/loam_system.v:619]
WARNING: [Synth 8-7071] port 'saxigp0_rvalid' of module 'loam_system_zynq_ultra_ps_e_0_0' is unconnected for instance 'zynq_ultra_ps_e_0' [c:/Users/USER-PC/footprint/footprint.gen/sources_1/bd/loam_system/synth/loam_system.v:619]
WARNING: [Synth 8-7071] port 'saxigp1_awready' of module 'loam_system_zynq_ultra_ps_e_0_0' is unconnected for instance 'zynq_ultra_ps_e_0' [c:/Users/USER-PC/footprint/footprint.gen/sources_1/bd/loam_system/synth/loam_system.v:619]
WARNING: [Synth 8-7071] port 'saxigp1_wready' of module 'loam_system_zynq_ultra_ps_e_0_0' is unconnected for instance 'zynq_ultra_ps_e_0' [c:/Users/USER-PC/footprint/footprint.gen/sources_1/bd/loam_system/synth/loam_system.v:619]
WARNING: [Synth 8-7071] port 'saxigp1_bid' of module 'loam_system_zynq_ultra_ps_e_0_0' is unconnected for instance 'zynq_ultra_ps_e_0' [c:/Users/USER-PC/footprint/footprint.gen/sources_1/bd/loam_system/synth/loam_system.v:619]
WARNING: [Synth 8-7071] port 'saxigp1_bresp' of module 'loam_system_zynq_ultra_ps_e_0_0' is unconnected for instance 'zynq_ultra_ps_e_0' [c:/Users/USER-PC/footprint/footprint.gen/sources_1/bd/loam_system/synth/loam_system.v:619]
WARNING: [Synth 8-7071] port 'saxigp1_bvalid' of module 'loam_system_zynq_ultra_ps_e_0_0' is unconnected for instance 'zynq_ultra_ps_e_0' [c:/Users/USER-PC/footprint/footprint.gen/sources_1/bd/loam_system/synth/loam_system.v:619]
WARNING: [Synth 8-7071] port 'saxigp1_arready' of module 'loam_system_zynq_ultra_ps_e_0_0' is unconnected for instance 'zynq_ultra_ps_e_0' [c:/Users/USER-PC/footprint/footprint.gen/sources_1/bd/loam_system/synth/loam_system.v:619]
WARNING: [Synth 8-7071] port 'saxigp1_rid' of module 'loam_system_zynq_ultra_ps_e_0_0' is unconnected for instance 'zynq_ultra_ps_e_0' [c:/Users/USER-PC/footprint/footprint.gen/sources_1/bd/loam_system/synth/loam_system.v:619]
WARNING: [Synth 8-7071] port 'saxigp1_rdata' of module 'loam_system_zynq_ultra_ps_e_0_0' is unconnected for instance 'zynq_ultra_ps_e_0' [c:/Users/USER-PC/footprint/footprint.gen/sources_1/bd/loam_system/synth/loam_system.v:619]
WARNING: [Synth 8-7071] port 'saxigp1_rresp' of module 'loam_system_zynq_ultra_ps_e_0_0' is unconnected for instance 'zynq_ultra_ps_e_0' [c:/Users/USER-PC/footprint/footprint.gen/sources_1/bd/loam_system/synth/loam_system.v:619]
WARNING: [Synth 8-7071] port 'saxigp1_rlast' of module 'loam_system_zynq_ultra_ps_e_0_0' is unconnected for instance 'zynq_ultra_ps_e_0' [c:/Users/USER-PC/footprint/footprint.gen/sources_1/bd/loam_system/synth/loam_system.v:619]
WARNING: [Synth 8-7071] port 'saxigp1_rvalid' of module 'loam_system_zynq_ultra_ps_e_0_0' is unconnected for instance 'zynq_ultra_ps_e_0' [c:/Users/USER-PC/footprint/footprint.gen/sources_1/bd/loam_system/synth/loam_system.v:619]
WARNING: [Synth 8-7071] port 'saxigp2_awready' of module 'loam_system_zynq_ultra_ps_e_0_0' is unconnected for instance 'zynq_ultra_ps_e_0' [c:/Users/USER-PC/footprint/footprint.gen/sources_1/bd/loam_system/synth/loam_system.v:619]
WARNING: [Synth 8-7071] port 'saxigp2_wready' of module 'loam_system_zynq_ultra_ps_e_0_0' is unconnected for instance 'zynq_ultra_ps_e_0' [c:/Users/USER-PC/footprint/footprint.gen/sources_1/bd/loam_system/synth/loam_system.v:619]
WARNING: [Synth 8-7071] port 'saxigp2_bid' of module 'loam_system_zynq_ultra_ps_e_0_0' is unconnected for instance 'zynq_ultra_ps_e_0' [c:/Users/USER-PC/footprint/footprint.gen/sources_1/bd/loam_system/synth/loam_system.v:619]
WARNING: [Synth 8-7071] port 'saxigp2_bresp' of module 'loam_system_zynq_ultra_ps_e_0_0' is unconnected for instance 'zynq_ultra_ps_e_0' [c:/Users/USER-PC/footprint/footprint.gen/sources_1/bd/loam_system/synth/loam_system.v:619]
WARNING: [Synth 8-7071] port 'saxigp2_bvalid' of module 'loam_system_zynq_ultra_ps_e_0_0' is unconnected for instance 'zynq_ultra_ps_e_0' [c:/Users/USER-PC/footprint/footprint.gen/sources_1/bd/loam_system/synth/loam_system.v:619]
WARNING: [Synth 8-7071] port 'saxigp2_rid' of module 'loam_system_zynq_ultra_ps_e_0_0' is unconnected for instance 'zynq_ultra_ps_e_0' [c:/Users/USER-PC/footprint/footprint.gen/sources_1/bd/loam_system/synth/loam_system.v:619]
WARNING: [Synth 8-7071] port 'saxigp3_bid' of module 'loam_system_zynq_ultra_ps_e_0_0' is unconnected for instance 'zynq_ultra_ps_e_0' [c:/Users/USER-PC/footprint/footprint.gen/sources_1/bd/loam_system/synth/loam_system.v:619]
WARNING: [Synth 8-7071] port 'saxigp3_arready' of module 'loam_system_zynq_ultra_ps_e_0_0' is unconnected for instance 'zynq_ultra_ps_e_0' [c:/Users/USER-PC/footprint/footprint.gen/sources_1/bd/loam_system/synth/loam_system.v:619]
WARNING: [Synth 8-7071] port 'saxigp3_rid' of module 'loam_system_zynq_ultra_ps_e_0_0' is unconnected for instance 'zynq_ultra_ps_e_0' [c:/Users/USER-PC/footprint/footprint.gen/sources_1/bd/loam_system/synth/loam_system.v:619]
WARNING: [Synth 8-7071] port 'saxigp3_rdata' of module 'loam_system_zynq_ultra_ps_e_0_0' is unconnected for instance 'zynq_ultra_ps_e_0' [c:/Users/USER-PC/footprint/footprint.gen/sources_1/bd/loam_system/synth/loam_system.v:619]
WARNING: [Synth 8-7071] port 'saxigp3_rresp' of module 'loam_system_zynq_ultra_ps_e_0_0' is unconnected for instance 'zynq_ultra_ps_e_0' [c:/Users/USER-PC/footprint/footprint.gen/sources_1/bd/loam_system/synth/loam_system.v:619]
WARNING: [Synth 8-7071] port 'saxigp3_rlast' of module 'loam_system_zynq_ultra_ps_e_0_0' is unconnected for instance 'zynq_ultra_ps_e_0' [c:/Users/USER-PC/footprint/footprint.gen/sources_1/bd/loam_system/synth/loam_system.v:619]
WARNING: [Synth 8-7071] port 'saxigp3_rvalid' of module 'loam_system_zynq_ultra_ps_e_0_0' is unconnected for instance 'zynq_ultra_ps_e_0' [c:/Users/USER-PC/footprint/footprint.gen/sources_1/bd/loam_system/synth/loam_system.v:619]
WARNING: [Synth 8-7023] instance 'zynq_ultra_ps_e_0' of module 'loam_system_zynq_ultra_ps_e_0_0' has 204 connections declared, but only 169 given [c:/Users/USER-PC/footprint/footprint.gen/sources_1/bd/loam_system/synth/loam_system.v:619]
INFO: [Synth 8-6155] done synthesizing module 'loam_system' (0#1) [c:/Users/USER-PC/footprint/footprint.gen/sources_1/bd/loam_system/synth/loam_system.v:13]
INFO: [Synth 8-6155] done synthesizing module 'loam_system_wrapper' (0#1) [C:/Users/USER-PC/footprint/footprint.gen/sources_1/bd/loam_system/hdl/loam_system_wrapper.v:13]
WARNING: [Synth 8-7129] Port In3[0] in module xlconcat_v2_1_6_xlconcat is either unconnected or has no load
WARNING: [Synth 8-7129] Port In4[0] in module xlconcat_v2_1_6_xlconcat is either unconnected or has no load
WARNING: [Synth 8-7129] Port In5[0] in module xlconcat_v2_1_6_xlconcat is either unconnected or has no load
WARNING: [Synth 8-7129] Port In6[0] in module xlconcat_v2_1_6_xlconcat is either unconnected or has no load
WARNING: [Synth 8-7129] Port In7[0] in module xlconcat_v2_1_6_xlconcat is either unconnected or has no load
WARNING: [Synth 8-7129] Port In8[0] in module xlconcat_v2_1_6_xlconcat is either unconnected or has no load
WARNING: [Synth 8-7129] Port In9[0] in module xlconcat_v2_1_6_xlconcat is either unconnected or has no load
WARNING: [Synth 8-7129] Port In10[0] in module xlconcat_v2_1_6_xlconcat is either unconnected or has no load
WARNING: [Synth 8-7129] Port In11[0] in module xlconcat_v2_1_6_xlconcat is either unconnected or has no load
WARNING: [Synth 8-7129] Port In12[0] in module xlconcat_v2_1_6_xlconcat is either unconnected or has no load
WARNING: [Synth 8-7129] Port In13[0] in module xlconcat_v2_1_6_xlconcat is either unconnected or has no load
WARNING: [Synth 8-7129] Port In14[0] in module xlconcat_v2_1_6_xlconcat is either unconnected or has no load
WARNING: [Synth 8-7129] Port In15[0] in module xlconcat_v2_1_6_xlconcat is either unconnected or has no load
WARNING: [Synth 8-7129] Port In16[0] in module xlconcat_v2_1_6_xlconcat is either unconnected or has no load
WARNING: [Synth 8-7129] Port In17[0] in module xlconcat_v2_1_6_xlconcat is either unconnected or has no load
WARNING: [Synth 8-7129] Port In18[0] in module xlconcat_v2_1_6_xlconcat is either unconnected or has no load
WARNING: [Synth 8-7129] Port In19[0] in module xlconcat_v2_1_6_xlconcat is either unconnected or has no load
WARNING: [Synth 8-7129] Port In20[0] in module xlconcat_v2_1_6_xlconcat is either unconnected or has no load
WARNING: [Synth 8-7129] Port In21[0] in module xlconcat_v2_1_6_xlconcat is either unconnected or has no load
WARNING: [Synth 8-7129] Port In22[0] in module xlconcat_v2_1_6_xlconcat is either unconnected or has no load
WARNING: [Synth 8-7129] Port In23[0] in module xlconcat_v2_1_6_xlconcat is either unconnected or has no load
WARNING: [Synth 8-7129] Port In24[0] in module xlconcat_v2_1_6_xlconcat is either unconnected or has no load
WARNING: [Synth 8-7129] Port In25[0] in module xlconcat_v2_1_6_xlconcat is either unconnected or has no load
WARNING: [Synth 8-7129] Port In26[0] in module xlconcat_v2_1_6_xlconcat is either unconnected or has no load
WARNING: [Synth 8-7129] Port In27[0] in module xlconcat_v2_1_6_xlconcat is either unconnected or has no load
WARNING: [Synth 8-7129] Port In28[0] in module xlconcat_v2_1_6_xlconcat is either unconnected or has no load
WARNING: [Synth 8-7129] Port In29[0] in module xlconcat_v2_1_6_xlconcat is either unconnected or has no load
WARNING: [Synth 8-7129] Port In30[0] in module xlconcat_v2_1_6_xlconcat is either unconnected or has no load
WARNING: [Synth 8-7129] Port In31[0] in module xlconcat_v2_1_6_xlconcat is either unconnected or has no load
WARNING: [Synth 8-7129] Port In32[0] in module xlconcat_v2_1_6_xlconcat is either unconnected or has no load
WARNING: [Synth 8-7129] Port In33[0] in module xlconcat_v2_1_6_xlconcat is either unconnected or has no load
WARNING: [Synth 8-7129] Port In34[0] in module xlconcat_v2_1_6_xlconcat is either unconnected or has no load
WARNING: [Synth 8-7129] Port In35[0] in module xlconcat_v2_1_6_xlconcat is either unconnected or has no load
WARNING: [Synth 8-7129] Port In36[0] in module xlconcat_v2_1_6_xlconcat is either unconnected or has no load
WARNING: [Synth 8-7129] Port In37[0] in module xlconcat_v2_1_6_xlconcat is either unconnected or has no load
WARNING: [Synth 8-7129] Port In38[0] in module xlconcat_v2_1_6_xlconcat is either unconnected or has no load
WARNING: [Synth 8-7129] Port In39[0] in module xlconcat_v2_1_6_xlconcat is either unconnected or has no load
WARNING: [Synth 8-7129] Port In40[0] in module xlconcat_v2_1_6_xlconcat is either unconnected or has no load
WARNING: [Synth 8-7129] Port In41[0] in module xlconcat_v2_1_6_xlconcat is either unconnected or has no load
WARNING: [Synth 8-7129] Port In42[0] in module xlconcat_v2_1_6_xlconcat is either unconnected or has no load
WARNING: [Synth 8-7129] Port In43[0] in module xlconcat_v2_1_6_xlconcat is either unconnected or has no load
WARNING: [Synth 8-7129] Port In44[0] in module xlconcat_v2_1_6_xlconcat is either unconnected or has no load
WARNING: [Synth 8-7129] Port In45[0] in module xlconcat_v2_1_6_xlconcat is either unconnected or has no load
WARNING: [Synth 8-7129] Port In46[0] in module xlconcat_v2_1_6_xlconcat is either unconnected or has no load
WARNING: [Synth 8-7129] Port In47[0] in module xlconcat_v2_1_6_xlconcat is either unconnected or has no load
WARNING: [Synth 8-7129] Port In48[0] in module xlconcat_v2_1_6_xlconcat is either unconnected or has no load
WARNING: [Synth 8-7129] Port In49[0] in module xlconcat_v2_1_6_xlconcat is either unconnected or has no load
WARNING: [Synth 8-7129] Port In50[0] in module xlconcat_v2_1_6_xlconcat is either unconnected or has no load
WARNING: [Synth 8-7129] Port In51[0] in module xlconcat_v2_1_6_xlconcat is either unconnected or has no load
WARNING: [Synth 8-7129] Port In52[0] in module xlconcat_v2_1_6_xlconcat is either unconnected or has no load
WARNING: [Synth 8-7129] Port In53[0] in module xlconcat_v2_1_6_xlconcat is either unconnected or has no load
WARNING: [Synth 8-7129] Port In54[0] in module xlconcat_v2_1_6_xlconcat is either unconnected or has no load
WARNING: [Synth 8-7129] Port In55[0] in module xlconcat_v2_1_6_xlconcat is either unconnected or has no load
WARNING: [Synth 8-7129] Port In56[0] in module xlconcat_v2_1_6_xlconcat is either unconnected or has no load
WARNING: [Synth 8-7129] Port In57[0] in module xlconcat_v2_1_6_xlconcat is either unconnected or has no load
WARNING: [Synth 8-7129] Port In58[0] in module xlconcat_v2_1_6_xlconcat is either unconnected or has no load
WARNING: [Synth 8-7129] Port In59[0] in module xlconcat_v2_1_6_xlconcat is either unconnected or has no load
WARNING: [Synth 8-7129] Port In60[0] in module xlconcat_v2_1_6_xlconcat is either unconnected or has no load
WARNING: [Synth 8-7129] Port In61[0] in module xlconcat_v2_1_6_xlconcat is either unconnected or has no load
WARNING: [Synth 8-7129] Port In62[0] in module xlconcat_v2_1_6_xlconcat is either unconnected or has no load
WARNING: [Synth 8-7129] Port In63[0] in module xlconcat_v2_1_6_xlconcat is either unconnected or has no load
WARNING: [Synth 8-7129] Port In64[0] in module xlconcat_v2_1_6_xlconcat is either unconnected or has no load
WARNING: [Synth 8-7129] Port In65[0] in module xlconcat_v2_1_6_xlconcat is either unconnected or has no load
WARNING: [Synth 8-7129] Port In66[0] in module xlconcat_v2_1_6_xlconcat is either unconnected or has no load
WARNING: [Synth 8-7129] Port In67[0] in module xlconcat_v2_1_6_xlconcat is either unconnected or has no load
WARNING: [Synth 8-7129] Port In68[0] in module xlconcat_v2_1_6_xlconcat is either unconnected or has no load
WARNING: [Synth 8-7129] Port In69[0] in module xlconcat_v2_1_6_xlconcat is either unconnected or has no load
WARNING: [Synth 8-7129] Port In70[0] in module xlconcat_v2_1_6_xlconcat is either unconnected or has no load
WARNING: [Synth 8-7129] Port In71[0] in module xlconcat_v2_1_6_xlconcat is either unconnected or has no load
WARNING: [Synth 8-7129] Port In72[0] in module xlconcat_v2_1_6_xlconcat is either unconnected or has no load
WARNING: [Synth 8-7129] Port In73[0] in module xlconcat_v2_1_6_xlconcat is either unconnected or has no load
WARNING: [Synth 8-7129] Port In74[0] in module xlconcat_v2_1_6_xlconcat is either unconnected or has no load
WARNING: [Synth 8-7129] Port In75[0] in module xlconcat_v2_1_6_xlconcat is either unconnected or has no load
WARNING: [Synth 8-7129] Port In76[0] in module xlconcat_v2_1_6_xlconcat is either unconnected or has no load
WARNING: [Synth 8-7129] Port In77[0] in module xlconcat_v2_1_6_xlconcat is either unconnected or has no load
WARNING: [Synth 8-7129] Port In78[0] in module xlconcat_v2_1_6_xlconcat is either unconnected or has no load
WARNING: [Synth 8-7129] Port In79[0] in module xlconcat_v2_1_6_xlconcat is either unconnected or has no load
WARNING: [Synth 8-7129] Port In80[0] in module xlconcat_v2_1_6_xlconcat is either unconnected or has no load
WARNING: [Synth 8-7129] Port In81[0] in module xlconcat_v2_1_6_xlconcat is either unconnected or has no load
WARNING: [Synth 8-7129] Port In82[0] in module xlconcat_v2_1_6_xlconcat is either unconnected or has no load
WARNING: [Synth 8-7129] Port In83[0] in module xlconcat_v2_1_6_xlconcat is either unconnected or has no load
WARNING: [Synth 8-7129] Port In84[0] in module xlconcat_v2_1_6_xlconcat is either unconnected or has no load
WARNING: [Synth 8-7129] Port In85[0] in module xlconcat_v2_1_6_xlconcat is either unconnected or has no load
WARNING: [Synth 8-7129] Port In86[0] in module xlconcat_v2_1_6_xlconcat is either unconnected or has no load
WARNING: [Synth 8-7129] Port In87[0] in module xlconcat_v2_1_6_xlconcat is either unconnected or has no load
WARNING: [Synth 8-7129] Port In88[0] in module xlconcat_v2_1_6_xlconcat is either unconnected or has no load
WARNING: [Synth 8-7129] Port In89[0] in module xlconcat_v2_1_6_xlconcat is either unconnected or has no load
WARNING: [Synth 8-7129] Port In90[0] in module xlconcat_v2_1_6_xlconcat is either unconnected or has no load
WARNING: [Synth 8-7129] Port In91[0] in module xlconcat_v2_1_6_xlconcat is either unconnected or has no load
WARNING: [Synth 8-7129] Port In92[0] in module xlconcat_v2_1_6_xlconcat is either unconnected or has no load
WARNING: [Synth 8-7129] Port In93[0] in module xlconcat_v2_1_6_xlconcat is either unconnected or has no load
WARNING: [Synth 8-7129] Port In94[0] in module xlconcat_v2_1_6_xlconcat is either unconnected or has no load
WARNING: [Synth 8-7129] Port In95[0] in module xlconcat_v2_1_6_xlconcat is either unconnected or has no load
WARNING: [Synth 8-7129] Port In96[0] in module xlconcat_v2_1_6_xlconcat is either unconnected or has no load
WARNING: [Synth 8-7129] Port In97[0] in module xlconcat_v2_1_6_xlconcat is either unconnected or has no load
WARNING: [Synth 8-7129] Port In98[0] in module xlconcat_v2_1_6_xlconcat is either unconnected or has no load
WARNING: [Synth 8-7129] Port In99[0] in module xlconcat_v2_1_6_xlconcat is either unconnected or has no load
WARNING: [Synth 8-7129] Port In100[0] in module xlconcat_v2_1_6_xlconcat is either unconnected or has no load
WARNING: [Synth 8-7129] Port In101[0] in module xlconcat_v2_1_6_xlconcat is either unconnected or has no load
WARNING: [Synth 8-7129] Port In102[0] in module xlconcat_v2_1_6_xlconcat is either unconnected or has no load
INFO: [Common 17-14] Message 'Synth 8-7129' appears 100 times and further instances of the messages will be disabled. Use the Tcl command set_msg_config to change the current settings.
---------------------------------------------------------------------------------
Finished RTL Elaboration : Time (s): cpu = 00:00:09 ; elapsed = 00:00:09 . Memory (MB): peak = 1758.977 ; gain = 302.953
---------------------------------------------------------------------------------
---------------------------------------------------------------------------------
Start Handling Custom Attributes
---------------------------------------------------------------------------------
---------------------------------------------------------------------------------
Finished Handling Custom Attributes : Time (s): cpu = 00:00:09 ; elapsed = 00:00:10 . Memory (MB): peak = 1758.977 ; gain = 302.953
---------------------------------------------------------------------------------
---------------------------------------------------------------------------------
Finished RTL Optimization Phase 1 : Time (s): cpu = 00:00:09 ; elapsed = 00:00:10 . Memory (MB): peak = 1758.977 ; gain = 302.953
---------------------------------------------------------------------------------
Netlist sorting complete. Time (s): cpu = 00:00:00 ; elapsed = 00:00:00.039 . Memory (MB): peak = 1758.977 ; gain = 0.000
INFO: [Project 1-570] Preparing netlist for logic optimization

Processing XDC Constraints
Initializing timing engine
Parsing XDC File [c:/Users/USER-PC/footprint/footprint.gen/sources_1/bd/loam_system/ip/loam_system_zynq_ultra_ps_e_0_0_1/loam_system_zynq_ultra_ps_e_0_0/loam_system_zynq_ultra_ps_e_0_0_in_context.xdc] for cell 'loam_system_i/zynq_ultra_ps_e_0'
create_clock: Time (s): cpu = 00:00:06 ; elapsed = 00:00:06 . Memory (MB): peak = 1772.773 ; gain = 0.121
Finished Parsing XDC File [c:/Users/USER-PC/footprint/footprint.gen/sources_1/bd/loam_system/ip/loam_system_zynq_ultra_ps_e_0_0_1/loam_system_zynq_ultra_ps_e_0_0/loam_system_zynq_ultra_ps_e_0_0_in_context.xdc] for cell 'loam_system_i/zynq_ultra_ps_e_0'
Parsing XDC File [c:/Users/USER-PC/footprint/footprint.gen/sources_1/bd/loam_system/ip/loam_system_exact_loam_feature_e_0_0_1/loam_system_exact_loam_feature_e_0_0/loam_system_exact_loam_feature_e_0_0_in_context.xdc] for cell 'loam_system_i/exact_loam_feature_e_0'
Finished Parsing XDC File [c:/Users/USER-PC/footprint/footprint.gen/sources_1/bd/loam_system/ip/loam_system_exact_loam_feature_e_0_0_1/loam_system_exact_loam_feature_e_0_0/loam_system_exact_loam_feature_e_0_0_in_context.xdc] for cell 'loam_system_i/exact_loam_feature_e_0'
Parsing XDC File [c:/Users/USER-PC/footprint/footprint.gen/sources_1/bd/loam_system/ip/loam_system_axi_dma_0_0_1/loam_system_axi_dma_0_0/loam_system_axi_dma_0_0_in_context.xdc] for cell 'loam_system_i/axi_dma_0'
Finished Parsing XDC File [c:/Users/USER-PC/footprint/footprint.gen/sources_1/bd/loam_system/ip/loam_system_axi_dma_0_0_1/loam_system_axi_dma_0_0/loam_system_axi_dma_0_0_in_context.xdc] for cell 'loam_system_i/axi_dma_0'
Parsing XDC File [c:/Users/USER-PC/footprint/footprint.gen/sources_1/bd/loam_system/ip/loam_system_axi_dma_surf_0_1/loam_system_axi_dma_surf_0/loam_system_axi_dma_surf_0_in_context.xdc] for cell 'loam_system_i/axi_dma_surf'
Finished Parsing XDC File [c:/Users/USER-PC/footprint/footprint.gen/sources_1/bd/loam_system/ip/loam_system_axi_dma_surf_0_1/loam_system_axi_dma_surf_0/loam_system_axi_dma_surf_0_in_context.xdc] for cell 'loam_system_i/axi_dma_surf'
Parsing XDC File [c:/Users/USER-PC/footprint/footprint.gen/sources_1/bd/loam_system/ip/loam_system_axi_smc_0_1/loam_system_axi_smc_0/loam_system_axi_smc_0_in_context.xdc] for cell 'loam_system_i/axi_smc'
Finished Parsing XDC File [c:/Users/USER-PC/footprint/footprint.gen/sources_1/bd/loam_system/ip/loam_system_axi_smc_0_1/loam_system_axi_smc_0/loam_system_axi_smc_0_in_context.xdc] for cell 'loam_system_i/axi_smc'
Parsing XDC File [c:/Users/USER-PC/footprint/footprint.gen/sources_1/bd/loam_system/ip/loam_system_rst_ps8_0_100M_0_1/loam_system_rst_ps8_0_100M_0/loam_system_rst_ps8_0_100M_0_in_context.xdc] for cell 'loam_system_i/rst_ps8_0_100M'
Finished Parsing XDC File [c:/Users/USER-PC/footprint/footprint.gen/sources_1/bd/loam_system/ip/loam_system_rst_ps8_0_100M_0_1/loam_system_rst_ps8_0_100M_0/loam_system_rst_ps8_0_100M_0_in_context.xdc] for cell 'loam_system_i/rst_ps8_0_100M'
Parsing XDC File [c:/Users/USER-PC/footprint/footprint.gen/sources_1/bd/loam_system/ip/loam_system_corner_fifo_0_1/loam_system_corner_fifo_0/loam_system_corner_fifo_0_in_context.xdc] for cell 'loam_system_i/corner_fifo'
Finished Parsing XDC File [c:/Users/USER-PC/footprint/footprint.gen/sources_1/bd/loam_system/ip/loam_system_corner_fifo_0_1/loam_system_corner_fifo_0/loam_system_corner_fifo_0_in_context.xdc] for cell 'loam_system_i/corner_fifo'
Parsing XDC File [c:/Users/USER-PC/footprint/footprint.gen/sources_1/bd/loam_system/ip/loam_system_surf_fifo_0_1/loam_system_surf_fifo_0/loam_system_surf_fifo_0_in_context.xdc] for cell 'loam_system_i/surf_fifo'
Finished Parsing XDC File [c:/Users/USER-PC/footprint/footprint.gen/sources_1/bd/loam_system/ip/loam_system_surf_fifo_0_1/loam_system_surf_fifo_0/loam_system_surf_fifo_0_in_context.xdc] for cell 'loam_system_i/surf_fifo'
Parsing XDC File [c:/Users/USER-PC/footprint/footprint.gen/sources_1/bd/loam_system/ip/loam_system_fifo_interconnect_imp_xbar_0_1/loam_system_fifo_interconnect_imp_xbar_0/loam_system_fifo_interconnect_imp_xbar_0_in_context.xdc] for cell 'loam_system_i/fifo_interconnect/xbar'
Finished Parsing XDC File [c:/Users/USER-PC/footprint/footprint.gen/sources_1/bd/loam_system/ip/loam_system_fifo_interconnect_imp_xbar_0_1/loam_system_fifo_interconnect_imp_xbar_0/loam_system_fifo_interconnect_imp_xbar_0_in_context.xdc] for cell 'loam_system_i/fifo_interconnect/xbar'
Parsing XDC File [C:/Users/USER-PC/footprint/footprint.runs/synth_1/dont_touch.xdc]
Finished Parsing XDC File [C:/Users/USER-PC/footprint/footprint.runs/synth_1/dont_touch.xdc]
Completed Processing XDC Constraints

Netlist sorting complete. Time (s): cpu = 00:00:00 ; elapsed = 00:00:00 . Memory (MB): peak = 1772.773 ; gain = 0.000
INFO: [Project 1-111] Unisim Transformation Summary:
No Unisim elements were transformed.

Constraint Validation Runtime : Time (s): cpu = 00:00:00 ; elapsed = 00:00:00.016 . Memory (MB): peak = 1772.773 ; gain = 0.000
---------------------------------------------------------------------------------
Finished Constraint Validation : Time (s): cpu = 00:00:24 ; elapsed = 00:00:26 . Memory (MB): peak = 1772.773 ; gain = 316.750
---------------------------------------------------------------------------------
---------------------------------------------------------------------------------
Start Loading Part and Timing Information
---------------------------------------------------------------------------------
Loading part: xck26-sfvc784-2LV-c
INFO: [Synth 8-6742] Reading net delay rules and data
---------------------------------------------------------------------------------
Finished Loading Part and Timing Information : Time (s): cpu = 00:00:24 ; elapsed = 00:00:26 . Memory (MB): peak = 1772.773 ; gain = 316.750
---------------------------------------------------------------------------------
---------------------------------------------------------------------------------
Start Applying 'set_property' XDC Constraints
---------------------------------------------------------------------------------
Applied set_property KEEP_HIERARCHY = SOFT for loam_system_i. (constraint file  auto generated constraint).
Applied set_property KEEP_HIERARCHY = SOFT for loam_system_i/zynq_ultra_ps_e_0. (constraint file  auto generated constraint).
Applied set_property KEEP_HIERARCHY = SOFT for loam_system_i/exact_loam_feature_e_0. (constraint file  auto generated constraint).
Applied set_property KEEP_HIERARCHY = SOFT for loam_system_i/axi_dma_0. (constraint file  auto generated constraint).
Applied set_property KEEP_HIERARCHY = SOFT for loam_system_i/axi_dma_surf. (constraint file  auto generated constraint).
Applied set_property KEEP_HIERARCHY = SOFT for loam_system_i/axi_smc. (constraint file  auto generated constraint).
Applied set_property KEEP_HIERARCHY = SOFT for loam_system_i/rst_ps8_0_100M. (constraint file  auto generated constraint).
Applied set_property KEEP_HIERARCHY = SOFT for loam_system_i/corner_fifo. (constraint file  auto generated constraint).
Applied set_property KEEP_HIERARCHY = SOFT for loam_system_i/surf_fifo. (constraint file  auto generated constraint).
Applied set_property KEEP_HIERARCHY = SOFT for loam_system_i/fifo_interconnect/xbar. (constraint file  auto generated constraint).
Applied set_property KEEP_HIERARCHY = SOFT for loam_system_i/fifo_interconnect. (constraint file  auto generated constraint).
Applied set_property KEEP_HIERARCHY = SOFT for loam_system_i/xlconcat_0. (constraint file  auto generated constraint).
---------------------------------------------------------------------------------
Finished applying 'set_property' XDC Constraints : Time (s): cpu = 00:00:24 ; elapsed = 00:00:26 . Memory (MB): peak = 1772.773 ; gain = 316.750
---------------------------------------------------------------------------------
---------------------------------------------------------------------------------
Finished RTL Optimization Phase 2 : Time (s): cpu = 00:00:24 ; elapsed = 00:00:26 . Memory (MB): peak = 1772.773 ; gain = 316.750
---------------------------------------------------------------------------------
---------------------------------------------------------------------------------
Start RTL Component Statistics 
---------------------------------------------------------------------------------
Detailed RTL Component Info : 
---------------------------------------------------------------------------------
Finished RTL Component Statistics 
---------------------------------------------------------------------------------
---------------------------------------------------------------------------------
Start Part Resource Summary
---------------------------------------------------------------------------------
Part Resources:
DSPs: 1248 (col length:96)
BRAMs: 288 (col length: RAMB18 96 RAMB36 48)
---------------------------------------------------------------------------------
Finished Part Resource Summary
---------------------------------------------------------------------------------
---------------------------------------------------------------------------------
Start Cross Boundary and Area Optimization
---------------------------------------------------------------------------------
WARNING: [Synth 8-7080] Parallel synthesis criteria is not met
---------------------------------------------------------------------------------
Finished Cross Boundary and Area Optimization : Time (s): cpu = 00:00:27 ; elapsed = 00:00:29 . Memory (MB): peak = 1772.773 ; gain = 316.750
---------------------------------------------------------------------------------
---------------------------------------------------------------------------------
Start Applying XDC Timing Constraints
---------------------------------------------------------------------------------
---------------------------------------------------------------------------------
Finished Applying XDC Timing Constraints : Time (s): cpu = 00:00:40 ; elapsed = 00:00:43 . Memory (MB): peak = 2477.660 ; gain = 1021.637
---------------------------------------------------------------------------------
---------------------------------------------------------------------------------
Start Timing Optimization
---------------------------------------------------------------------------------
---------------------------------------------------------------------------------
Finished Timing Optimization : Time (s): cpu = 00:00:40 ; elapsed = 00:00:43 . Memory (MB): peak = 2477.660 ; gain = 1021.637
---------------------------------------------------------------------------------
---------------------------------------------------------------------------------
Start Technology Mapping
---------------------------------------------------------------------------------
---------------------------------------------------------------------------------
Finished Technology Mapping : Time (s): cpu = 00:00:40 ; elapsed = 00:00:44 . Memory (MB): peak = 2489.812 ; gain = 1033.789
---------------------------------------------------------------------------------
---------------------------------------------------------------------------------
Start IO Insertion
---------------------------------------------------------------------------------
---------------------------------------------------------------------------------
Start Flattening Before IO Insertion
---------------------------------------------------------------------------------
---------------------------------------------------------------------------------
Finished Flattening Before IO Insertion
---------------------------------------------------------------------------------
---------------------------------------------------------------------------------
Start Final Netlist Cleanup
---------------------------------------------------------------------------------
---------------------------------------------------------------------------------
Finished Final Netlist Cleanup
---------------------------------------------------------------------------------
---------------------------------------------------------------------------------
Finished IO Insertion : Time (s): cpu = 00:00:45 ; elapsed = 00:00:48 . Memory (MB): peak = 2704.789 ; gain = 1248.766
---------------------------------------------------------------------------------
---------------------------------------------------------------------------------
Start Renaming Generated Instances
---------------------------------------------------------------------------------
---------------------------------------------------------------------------------
Finished Renaming Generated Instances : Time (s): cpu = 00:00:45 ; elapsed = 00:00:48 . Memory (MB): peak = 2704.789 ; gain = 1248.766
---------------------------------------------------------------------------------
---------------------------------------------------------------------------------
Start Rebuilding User Hierarchy
---------------------------------------------------------------------------------
---------------------------------------------------------------------------------
Finished Rebuilding User Hierarchy : Time (s): cpu = 00:00:45 ; elapsed = 00:00:48 . Memory (MB): peak = 2704.789 ; gain = 1248.766
---------------------------------------------------------------------------------
---------------------------------------------------------------------------------
Start Renaming Generated Ports
---------------------------------------------------------------------------------
---------------------------------------------------------------------------------
Finished Renaming Generated Ports : Time (s): cpu = 00:00:45 ; elapsed = 00:00:48 . Memory (MB): peak = 2704.789 ; gain = 1248.766
---------------------------------------------------------------------------------
---------------------------------------------------------------------------------
Start Handling Custom Attributes
---------------------------------------------------------------------------------
---------------------------------------------------------------------------------
Finished Handling Custom Attributes : Time (s): cpu = 00:00:45 ; elapsed = 00:00:48 . Memory (MB): peak = 2704.789 ; gain = 1248.766
---------------------------------------------------------------------------------
---------------------------------------------------------------------------------
Start Renaming Generated Nets
---------------------------------------------------------------------------------
---------------------------------------------------------------------------------
Finished Renaming Generated Nets : Time (s): cpu = 00:00:45 ; elapsed = 00:00:48 . Memory (MB): peak = 2704.789 ; gain = 1248.766
---------------------------------------------------------------------------------
---------------------------------------------------------------------------------
Start Writing Synthesis Report
---------------------------------------------------------------------------------

Report BlackBoxes: 
+------+-----------------------------------------+----------+
|      |BlackBox name                            |Instances |
+------+-----------------------------------------+----------+
|1     |loam_system_axi_dma_0_0                  |         1|
|2     |loam_system_axi_dma_surf_0               |         1|
|3     |loam_system_axi_smc_0                    |         1|
|4     |loam_system_corner_fifo_0                |         1|
|5     |loam_system_exact_loam_feature_e_0_0     |         1|
|6     |loam_system_fifo_interconnect_imp_xbar_0 |         1|
|7     |loam_system_rst_ps8_0_100M_0             |         1|
|8     |loam_system_surf_fifo_0                  |         1|
|9     |loam_system_zynq_ultra_ps_e_0_0          |         1|
+------+-----------------------------------------+----------+

Report Cell Usage: 
+------+---------------------------------------+------+
|      |Cell                                   |Count |
+------+---------------------------------------+------+
|1     |loam_system_axi_dma_0                  |     1|
|2     |loam_system_axi_dma_surf               |     1|
|3     |loam_system_axi_smc                    |     1|
|4     |loam_system_corner_fifo                |     1|
|5     |loam_system_exact_loam_feature_e_0     |     1|
|6     |loam_system_fifo_interconnect_imp_xbar |     1|
|7     |loam_system_rst_ps8_0_100M             |     1|
|8     |loam_system_surf_fifo                  |     1|
|9     |loam_system_zynq_ultra_ps_e_0          |     1|
+------+---------------------------------------+------+
---------------------------------------------------------------------------------
Finished Writing Synthesis Report : Time (s): cpu = 00:00:45 ; elapsed = 00:00:48 . Memory (MB): peak = 2704.789 ; gain = 1248.766
---------------------------------------------------------------------------------
Synthesis finished with 0 errors, 0 critical warnings and 7 warnings.
Synthesis Optimization Runtime : Time (s): cpu = 00:00:28 ; elapsed = 00:00:40 . Memory (MB): peak = 2704.789 ; gain = 1234.969
Synthesis Optimization Complete : Time (s): cpu = 00:00:45 ; elapsed = 00:00:49 . Memory (MB): peak = 2704.789 ; gain = 1248.766
INFO: [Project 1-571] Translating synthesized netlist
Netlist sorting complete. Time (s): cpu = 00:00:00 ; elapsed = 00:00:00.032 . Memory (MB): peak = 2704.789 ; gain = 0.000
INFO: [Project 1-570] Preparing netlist for logic optimization
INFO: [Opt 31-138] Pushed 0 inverter(s) to 0 load pin(s).
Netlist sorting complete. Time (s): cpu = 00:00:00 ; elapsed = 00:00:00 . Memory (MB): peak = 2704.789 ; gain = 0.000
INFO: [Project 1-111] Unisim Transformation Summary:
No Unisim elements were transformed.

Synth Design complete | Checksum: cb2058a4
INFO: [Common 17-83] Releasing license: Synthesis
52 Infos, 207 Warnings, 0 Critical Warnings and 0 Errors encountered.
synth_design completed successfully
synth_design: Time (s): cpu = 00:00:54 ; elapsed = 00:01:02 . Memory (MB): peak = 2704.789 ; gain = 2290.105
INFO: [Common 17-1381] The checkpoint 'C:/Users/USER-PC/footprint/footprint.runs/synth_1/loam_system_wrapper.dcp' has been generated.
INFO: [Vivado 12-24828] Executing command : report_utilization -file loam_system_wrapper_utilization_synth.rpt -pb loam_system_wrapper_utilization_synth.pb
INFO: [Common 17-206] Exiting Vivado at Wed Nov  5 11:30:06 2025...
