Copyright 1986-2022 Xilinx, Inc. All Rights Reserved. Copyright 2022-2024 Advanced Micro Devices, Inc. All Rights Reserved.
---------------------------------------------------------------------------------------------------------------------------------------------
| Tool Version : Vivado v.2024.2 (win64) Build 5239630 Fri Nov 08 22:35:27 MST 2024
| Date         : Wed Nov  5 11:41:01 2025
| Host         : user running 64-bit major release  (build 9200)
| Command      : report_utilization -file loam_system_wrapper_utilization_placed.rpt -pb loam_system_wrapper_utilization_placed.pb
| Design       : loam_system_wrapper
| Device       : xck26-sfvc784-2LV-c
| Speed File   : -2LV
| Design State : Fully Placed
---------------------------------------------------------------------------------------------------------------------------------------------

Utilization Design Information

Table of Contents
-----------------
1. CLB Logic
1.1 Summary of Registers by Type
2. CLB Logic Distribution
3. BLOCKRAM
4. ARITHMETIC
5. I/O
6. CLOCK
7. ADVANCED
8. CONFIGURATION
9. Primitives
10. Black Boxes
11. Instantiated Netlists

1. CLB Logic
------------

+----------------------------+-------+-------+------------+-----------+-------+
|          Site Type         |  Used | Fixed | Prohibited | Available | Util% |
+----------------------------+-------+-------+------------+-----------+-------+
| CLB LUTs                   | 42963 |     0 |          0 |    117120 | 36.68 |
|   LUT as Logic             | 40131 |     0 |          0 |    117120 | 34.26 |
|   LUT as Memory            |  2832 |     0 |          0 |     57600 |  4.92 |
|     LUT as Distributed RAM |  1632 |     0 |            |           |       |
|     LUT as Shift Register  |  1200 |     0 |            |           |       |
| CLB Registers              | 41042 |     0 |          0 |    234240 | 17.52 |
|   Register as Flip Flop    | 41042 |     0 |          0 |    234240 | 17.52 |
|   Register as Latch        |     0 |     0 |          0 |    234240 |  0.00 |
| CARRY8                     |  2483 |     0 |          0 |     14640 | 16.96 |
| F7 Muxes                   |    40 |     0 |          0 |     58560 |  0.07 |
| F8 Muxes                   |     0 |     0 |          0 |     29280 |  0.00 |
| F9 Muxes                   |     0 |     0 |          0 |     14640 |  0.00 |
+----------------------------+-------+-------+------------+-----------+-------+
* Warning! LUT value is adjusted to account for LUT combining.


1.1 Summary of Registers by Type
--------------------------------

+-------+--------------+-------------+--------------+
| Total | Clock Enable | Synchronous | Asynchronous |
+-------+--------------+-------------+--------------+
| 0     |            _ |           - |            - |
| 0     |            _ |           - |          Set |
| 0     |            _ |           - |        Reset |
| 0     |            _ |         Set |            - |
| 0     |            _ |       Reset |            - |
| 0     |          Yes |           - |            - |
| 0     |          Yes |           - |          Set |
| 96    |          Yes |           - |        Reset |
| 625   |          Yes |         Set |            - |
| 40321 |          Yes |       Reset |            - |
+-------+--------------+-------------+--------------+


2. CLB Logic Distribution
-------------------------

+--------------------------------------------+-------+-------+------------+-----------+-------+
|                  Site Type                 |  Used | Fixed | Prohibited | Available | Util% |
+--------------------------------------------+-------+-------+------------+-----------+-------+
| CLB                                        |  7081 |     0 |          0 |     14640 | 48.37 |
|   CLBL                                     |  3556 |     0 |            |           |       |
|   CLBM                                     |  3525 |     0 |            |           |       |
| LUT as Logic                               | 40131 |     0 |          0 |    117120 | 34.26 |
|   using O5 output only                     |   648 |       |            |           |       |
|   using O6 output only                     | 28406 |       |            |           |       |
|   using O5 and O6                          | 11077 |       |            |           |       |
| LUT as Memory                              |  2832 |     0 |          0 |     57600 |  4.92 |
|   LUT as Distributed RAM                   |  1632 |     0 |            |           |       |
|     using O5 output only                   |     0 |       |            |           |       |
|     using O6 output only                   |   384 |       |            |           |       |
|     using O5 and O6                        |  1248 |       |            |           |       |
|   LUT as Shift Register                    |  1200 |     0 |            |           |       |
|     using O5 output only                   |     0 |       |            |           |       |
|     using O6 output only                   |  1134 |       |            |           |       |
|     using O5 and O6                        |    66 |       |            |           |       |
| CLB Registers                              | 41042 |     0 |          0 |    234240 | 17.52 |
|   Register driven from within the CLB      | 24743 |       |            |           |       |
|   Register driven from outside the CLB     | 16299 |       |            |           |       |
|     LUT in front of the register is unused | 10265 |       |            |           |       |
|     LUT in front of the register is used   |  6034 |       |            |           |       |
| Unique Control Sets                        |  1025 |       |          0 |     29280 |  3.50 |
+--------------------------------------------+-------+-------+------------+-----------+-------+
* * Note: Available Control Sets calculated as Slices * 2, Review the Control Sets Report for more information regarding control sets.


3. BLOCKRAM
-----------

+-------------------+------+-------+------------+-----------+-------+
|     Site Type     | Used | Fixed | Prohibited | Available | Util% |
+-------------------+------+-------+------------+-----------+-------+
| Block RAM Tile    | 21.5 |     0 |          0 |       144 | 14.93 |
|   RAMB36/FIFO*    |   20 |     0 |          0 |       144 | 13.89 |
|     RAMB36E2 only |   20 |       |            |           |       |
|   RAMB18          |    3 |     0 |          0 |       288 |  1.04 |
|     RAMB18E2 only |    3 |       |            |           |       |
| URAM              |    0 |     0 |          0 |        64 |  0.00 |
+-------------------+------+-------+------------+-----------+-------+
* Note: Each Block RAM Tile only has one FIFO logic available and therefore can accommodate only one FIFO36E2 or one FIFO18E2. However, if a FIFO18E2 occupies a Block RAM Tile, that tile can still accommodate a RAMB18E2


4. ARITHMETIC
-------------

+----------------+------+-------+------------+-----------+-------+
|    Site Type   | Used | Fixed | Prohibited | Available | Util% |
+----------------+------+-------+------------+-----------+-------+
| DSPs           |  463 |     0 |          0 |      1248 | 37.10 |
|   DSP48E2 only |  463 |       |            |           |       |
+----------------+------+-------+------------+-----------+-------+


5. I/O
------

+------------------+------+-------+------------+-----------+-------+
|     Site Type    | Used | Fixed | Prohibited | Available | Util% |
+------------------+------+-------+------------+-----------+-------+
| Bonded IOB       |    0 |     0 |          0 |       189 |  0.00 |
| HPIOB_M          |    0 |     0 |          0 |        58 |  0.00 |
| HPIOB_S          |    0 |     0 |          0 |        58 |  0.00 |
| HDIOB_M          |    0 |     0 |          0 |        35 |  0.00 |
| HDIOB_S          |    0 |     0 |          0 |        35 |  0.00 |
| HPIOB_SNGL       |    0 |     0 |          0 |         3 |  0.00 |
| HPIOBDIFFINBUF   |    0 |     0 |          0 |        82 |  0.00 |
| HPIOBDIFFOUTBUF  |    0 |     0 |          0 |        82 |  0.00 |
| HDIOBDIFFINBUF   |    0 |     0 |          0 |        35 |  0.00 |
| BITSLICE_CONTROL |    0 |     0 |          0 |        32 |  0.00 |
| BITSLICE_RX_TX   |    0 |     0 |          0 |      1248 |  0.00 |
| BITSLICE_TX      |    0 |     0 |          0 |        32 |  0.00 |
| RIU_OR           |    0 |     0 |          0 |        16 |  0.00 |
+------------------+------+-------+------------+-----------+-------+


6. CLOCK
--------

+------------+------+-------+------------+-----------+-------+
|  Site Type | Used | Fixed | Prohibited | Available | Util% |
+------------+------+-------+------------+-----------+-------+
| BUFGCE     |    2 |     0 |          0 |       112 |  1.79 |
| BUFGCE_DIV |    0 |     0 |          0 |        16 |  0.00 |
| BUFG_GT    |    0 |     0 |          0 |        96 |  0.00 |
| BUFG_PS    |    1 |     0 |          0 |        96 |  1.04 |
| BUFGCTRL*  |    0 |     0 |          0 |        32 |  0.00 |
| PLL        |    0 |     0 |          0 |         8 |  0.00 |
| MMCM       |    0 |     0 |          0 |         4 |  0.00 |
+------------+------+-------+------------+-----------+-------+
* Note: Each used BUFGCTRL counts as two GLOBAL CLOCK BUFFERs. This table does not include global clocking resources, only buffer cell usage. See the Clock Utilization Report (report_clock_utilization) for detailed accounting of global clocking resource availability.


7. ADVANCED
-----------

+-----------------+------+-------+------------+-----------+--------+
|    Site Type    | Used | Fixed | Prohibited | Available |  Util% |
+-----------------+------+-------+------------+-----------+--------+
| GTHE4_CHANNEL   |    0 |     0 |          0 |         4 |   0.00 |
| GTHE4_COMMON    |    0 |     0 |          0 |         1 |   0.00 |
| OBUFDS_GTE4     |    0 |     0 |          0 |         2 |   0.00 |
| OBUFDS_GTE4_ADV |    0 |     0 |          0 |         2 |   0.00 |
| PCIE40E4        |    0 |     0 |          0 |         2 |   0.00 |
| PS8             |    1 |     0 |          0 |         1 | 100.00 |
| SYSMONE4        |    0 |     0 |          0 |         1 |   0.00 |
| VCU             |    0 |     0 |          0 |         1 |   0.00 |
+-----------------+------+-------+------------+-----------+--------+


8. CONFIGURATION
----------------

+-------------+------+-------+------------+-----------+-------+
|  Site Type  | Used | Fixed | Prohibited | Available | Util% |
+-------------+------+-------+------------+-----------+-------+
| BSCANE2     |    0 |     0 |          0 |         4 |  0.00 |
| DNA_PORTE2  |    0 |     0 |          0 |         1 |  0.00 |
| EFUSE_USR   |    0 |     0 |          0 |         1 |  0.00 |
| FRAME_ECCE4 |    0 |     0 |          0 |         1 |  0.00 |
| ICAPE3      |    0 |     0 |          0 |         2 |  0.00 |
| MASTER_JTAG |    0 |     0 |          0 |         1 |  0.00 |
| STARTUPE3   |    0 |     0 |          0 |         1 |  0.00 |
+-------------+------+-------+------------+-----------+-------+


9. Primitives
-------------

+----------+-------+---------------------+
| Ref Name |  Used | Functional Category |
+----------+-------+---------------------+
| FDRE     | 40321 |            Register |
| LUT3     | 17126 |                 CLB |
| LUT2     | 11424 |                 CLB |
| LUT4     |  6423 |                 CLB |
| LUT6     |  6057 |                 CLB |
| LUT5     |  5900 |                 CLB |
| LUT1     |  4278 |                 CLB |
| CARRY8   |  2483 |                 CLB |
| RAMD32   |  2184 |                 CLB |
| SRLC32E  |   803 |                 CLB |
| FDSE     |   625 |            Register |
| SRL16E   |   463 |                 CLB |
| DSP48E2  |   463 |          Arithmetic |
| RAMD64E  |   384 |                 CLB |
| RAMS32   |   312 |                 CLB |
| FDCE     |    96 |            Register |
| MUXF7    |    40 |                 CLB |
| RAMB36E2 |    20 |            BLOCKRAM |
| RAMB18E2 |     3 |            BLOCKRAM |
| BUFGCE   |     2 |               Clock |
| PS8      |     1 |            Advanced |
| BUFG_PS  |     1 |               Clock |
+----------+-------+---------------------+


10. Black Boxes
---------------

+----------+------+
| Ref Name | Used |
+----------+------+


11. Instantiated Netlists
-------------------------

+------------------------------------------+------+
|                 Ref Name                 | Used |
+------------------------------------------+------+
| loam_system_zynq_ultra_ps_e_0_0          |    1 |
| loam_system_surf_fifo_0                  |    1 |
| loam_system_rst_ps8_0_100M_0             |    1 |
| loam_system_fifo_interconnect_imp_xbar_0 |    1 |
| loam_system_exact_loam_feature_e_0_0     |    1 |
| loam_system_corner_fifo_0                |    1 |
| loam_system_axi_smc_0                    |    1 |
| loam_system_axi_dma_surf_0               |    1 |
| loam_system_axi_dma_0_0                  |    1 |
+------------------------------------------+------+


